#
# A fatal error has been detected by the Java Runtime Environment:
#
#  Internal Error (javaClasses.cpp:126), pid=7392, tid=8436
#  fatal error: Invalid layout of preloaded class
#
# JRE version:  (8.0_31-b13) (build )
# Java VM: Java HotSpot(TM) 64-Bit Server VM (25.31-b07 mixed mode windows-amd64 compressed oops)
# Failed to write core dump. Minidumps are not enabled by default on client versions of Windows
#
# If you would like to submit a bug report, please visit:
#   http://bugreport.java.com/bugreport/crash.jsp
#

---------------  T H R E A D  ---------------

Current thread (0x00000000024be800):  JavaThread "Unknown thread" [_thread_in_vm, id=8436, stack(0x0000000002530000,0x0000000002630000)]

Stack: [0x0000000002530000,0x0000000002630000]
Native frames: (J=compiled Java code, j=interpreted, Vv=VM code, C=native code)
V  [jvm.dll+0x3169ba]
V  [jvm.dll+0x2674c3]
V  [jvm.dll+0x268103]
V  [jvm.dll+0x25f876]
V  [jvm.dll+0x5e443]
V  [jvm.dll+0x5e533]
V  [jvm.dll+0x72e9a]
V  [jvm.dll+0x73208]
V  [jvm.dll+0xe4997]
V  [jvm.dll+0xe4d26]
V  [jvm.dll+0x1fa057]
V  [jvm.dll+0x22b694]
V  [jvm.dll+0x14d8c1]
C  [javaw.exe+0x20c6]
C  [javaw.exe+0xc9eb]
C  [javaw.exe+0xca7f]
C  [kernel32.dll+0x1f56d]
C  [ntdll.dll+0x33281]


---------------  P R O C E S S  ---------------

Java Threads: ( => current thread )

Other Threads:

=>0x00000000024be800 (exited) JavaThread "Unknown thread" [_thread_in_vm, id=8436, stack(0x0000000002530000,0x0000000002630000)]

VM state:not at safepoint (not fully initialized)

VM Mutex/Monitor currently owned by a thread: None

GC Heap History (0 events):
No events

Deoptimization events (0 events):
No events

Internal exceptions (0 events):
No events

Events (10 events):
Event: 0.006 loading class java/lang/CharSequence done
Event: 0.006 loading class java/lang/String done
Event: 0.006 loading class java/lang/Class
Event: 0.006 loading class java/lang/reflect/AnnotatedElement
Event: 0.006 loading class java/lang/reflect/AnnotatedElement done
Event: 0.006 loading class java/lang/reflect/GenericDeclaration
Event: 0.006 loading class java/lang/reflect/GenericDeclaration done
Event: 0.006 loading class java/lang/reflect/Type
Event: 0.006 loading class java/lang/reflect/Type done
Event: 0.007 loading class java/lang/Class done


Dynamic libraries:
0x000000013f590000 - 0x000000013f5c4000 	C:\Program Files\Java\jre1.8.0_31\bin\javaw.exe
0x0000000077c40000 - 0x0000000077deb000 	C:\Windows\SYSTEM32\ntdll.dll
0x0000000077a20000 - 0x0000000077b3f000 	C:\Windows\system32\kernel32.dll
0x000007fefdcb0000 - 0x000007fefdd1b000 	C:\Windows\system32\KERNELBASE.dll
0x000007fefed30000 - 0x000007fefee0b000 	C:\Windows\system32\ADVAPI32.dll
0x000007fefe060000 - 0x000007fefe0ff000 	C:\Windows\system32\msvcrt.dll
0x000007fefe600000 - 0x000007fefe61f000 	C:\Windows\SYSTEM32\sechost.dll
0x000007fefe800000 - 0x000007fefe92e000 	C:\Windows\system32\RPCRT4.dll
0x0000000077b40000 - 0x0000000077c3a000 	C:\Windows\system32\USER32.dll
0x000007fefecc0000 - 0x000007fefed27000 	C:\Windows\system32\GDI32.dll
0x000007feffe60000 - 0x000007feffe6e000 	C:\Windows\system32\LPK.dll
0x000007fefebf0000 - 0x000007fefecba000 	C:\Windows\system32\USP10.dll
0x000007fefc370000 - 0x000007fefc564000 	C:\Windows\WinSxS\amd64_microsoft.windows.common-controls_6595b64144ccf1df_6.0.7600.16385_none_fa645303170382f6\COMCTL32.dll
0x000007fefe580000 - 0x000007fefe5f1000 	C:\Windows\system32\SHLWAPI.dll
0x000007fefebc0000 - 0x000007fefebee000 	C:\Windows\system32\IMM32.DLL
0x000007fefe380000 - 0x000007fefe489000 	C:\Windows\system32\MSCTF.dll
0x00000000788c0000 - 0x0000000078992000 	C:\Program Files\Java\jre1.8.0_31\bin\msvcr100.dll
0x0000000059350000 - 0x0000000059baa000 	C:\Program Files\Java\jre1.8.0_31\bin\server\jvm.dll
0x000007fef98f0000 - 0x000007fef98f9000 	C:\Windows\system32\WSOCK32.dll
0x000007fefe530000 - 0x000007fefe57d000 	C:\Windows\system32\WS2_32.dll
0x000007feff0c0000 - 0x000007feff0c8000 	C:\Windows\system32\NSI.dll
0x000007fefb9c0000 - 0x000007fefb9fb000 	C:\Windows\system32\WINMM.dll
0x0000000077e00000 - 0x0000000077e07000 	C:\Windows\system32\PSAPI.DLL
0x00000000686d0000 - 0x00000000686df000 	C:\Program Files\Java\jre1.8.0_31\bin\verify.dll
0x000000005a3e0000 - 0x000000005a408000 	C:\Program Files\Java\jre1.8.0_31\bin\java.dll
0x000000005f510000 - 0x000000005f526000 	C:\Program Files\Java\jre1.8.0_31\bin\zip.dll
0x000007fef5b50000 - 0x000007fef5c75000 	C:\Windows\system32\dbghelp.dll

VM Arguments:
jvm_args: -Dfile.encoding=UTF-8 -Xbootclasspath:D:\Android\sdk\platforms\android-23\android.jar 
java_command: com.seastargames.test.Test
java_class_path (initial): D:\Android\sdk-android-net\sdk\seastargames-sdk\libs\okhttp-3.2.0.jar;D:\Android\sdk-android-net\sdk\play-services-ads\libs\play-services-ads.jar;D:\Android\sdk-android-net\sdk\seastargames-sdk\libs\okio-1.4.0.jar;D:\Android\sdk-android-net\sdk\play-services-base\libs\play-services-base.jar;D:\Android\sdk-android-net\sdk\facebook\libs\bolts-android-1.2.0.jar;D:\Android\sdk-android-net\sdk\facebook\libs\volley.jar;D:\Android\sdk-android-net\sdk\facebook\libs\android-support-v4.jar;D:\Android\sdk-android-net\sdk\play-services-games\libs\play-services-games.jar;D:\Android\sdk-android-net\sdk\play-services-plus\libs\play-services-plus.jar;D:\Android\sdk-android-net\sdk\seastargames-sdk\libs\AF-Android-SDK.jar;D:\Android\sdk-android-net\sdk\seastargames-sdk\libs\chartboost.jar;D:\Android\sdk-android-net\sdk\facebook\bin\facebook.jar;D:\Android\sdk-android-net\sdk\play-services-games\bin\play-services-games.jar;D:\Android\sdk-android-net\sdk\play-services-ads\bin\play-services-ads.jar;D:\Android\sdk-android-net\sdk\play-services-plus\bin\play-services-plus.jar;D:\Android\sdk-android-net\sdk\play-services-base\bin\play-services-base.jar;D:\Android\sdk-android-net\sdk\seastargames-sdk\bin\classes
Launcher Type: SUN_STANDARD

Environment Variables:
JAVA_HOME=C:\Program Files\Java\jdk1.8.0_91
PATH=C:/Program Files/Java/jre1.8.0_31/bin/server;C:/Program Files/Java/jre1.8.0_31/bin;C:/Program Files/Java/jre1.8.0_31/lib/amd64;C:\ProgramData\Oracle\Java\javapath;C:\Program Files (x86)\NVIDIA Corporation\PhysX\Common;C:\Program Files (x86)\Intel\iCLS Client\;C:\Program Files\Intel\iCLS Client\;C:\Windows\system32;C:\Windows;C:\Windows\System32\Wbem;C:\Windows\System32\WindowsPowerShell\v1.0\;C:\Program Files\Intel\Intel(R) Management Engine Components\DAL;C:\Program Files\Intel\Intel(R) Management Engine Components\IPT;C:\Program Files (x86)\Intel\Intel(R) Management Engine Components\DAL;C:\Program Files (x86)\Intel\Intel(R) Management Engine Components\IPT;D:\Program Files (x86)\Microsoft SQL Server\100\Tools\Binn\;D:\Program Files\Microsoft SQL Server\100\Tools\Binn\;D:\Program Files\Microsoft SQL Server\100\DTS\Binn\;D:\Program Files (x86)\Microsoft SQL Server\100\Tools\Binn\VSShell\Common7\IDE\;C:\Program Files (x86)\Microsoft Visual Studio 9.0\Common7\IDE\PrivateAssemblies\;D:\Program Files (x86)\Microsoft SQL Server\100\DTS\Binn\;C:\Program Files\Microsoft\Web Platform Installer\;C:\Program Files (x86)\Microsoft ASP.NET\ASP.NET Web Pages\v1.0\;C:\Program Files (x86)\Windows Kits\8.0\Windows Performance Toolkit\;C:\Program Files\Microsoft SQL Server\110\Tools\Binn\;d:\Program Files (x86)\IDM Computer Solutions\UltraEdit;C:\Program Files\TortoiseGit\bin;D:\Android\sdk\platform-tools\;C:\Program Files\Java\jdk1.8.0_91\bin;D:\Android\eclipse;
USERNAME=l
OS=Windows_NT
PROCESSOR_IDENTIFIER=Intel64 Family 6 Model 60 Stepping 3, GenuineIntel



---------------  S Y S T E M  ---------------

OS: Windows 7 , 64 bit Build 7600 

CPU:total 4 (2 cores per cpu, 2 threads per core) family 6 model 60 stepping 3, cmov, cx8, fxsr, mmx, sse, sse2, sse3, ssse3, sse4.1, sse4.2, popcnt, aes, clmul, erms, lzcnt, ht, tsc, tscinvbit, bmi1, bmi2

Memory: 4k page, physical 8322756k(3988320k free), swap 16643616k(10404920k free)

vm_info: Java HotSpot(TM) 64-Bit Server VM (25.31-b07) for windows-amd64 JRE (1.8.0_31-b13), built on Dec 17 2014 21:00:28 by "java_re" with MS VC++ 10.0 (VS2010)

time: Wed May 25 10:39:32 2016
elapsed time: 0 seconds (0d 0h 0m 0s)

